<?xml version="1.0" encoding="UTF-8"?>
<TestRun id="cdd6bae1-3122-448c-8a03-e98bea0fd467" name="Sys@BZZ 2014-09-22 00:33:53" runUser="BZZ\Sys" xmlns="http://microsoft.com/schemas/VisualStudio/TeamTest/2010">
  <TestSettings name="Локальные" id="c15db5bd-b38c-4917-8fc9-53e64146086b">
    <Description>Это - параметры по умолчанию для локального тестового запуска.</Description>
    <Deployment enabled="false" runDeploymentRoot="Sys_BZZ 2014-09-22 00_33_53">
      <DeploymentItem filename="C:\Users\Sys\Desktop\Учёбка\5\github\Triangle\bin\Debug\Triangle.exe" />
    </Deployment>
    <Execution>
      <TestTypeSpecific />
      <AgentRule name="Execution Agents">
      </AgentRule>
    </Execution>
  </TestSettings>
  <Times creation="2014-09-22T00:33:53.7275108+06:00" queuing="2014-09-22T00:33:53.7425116+06:00" start="2014-09-22T00:33:53.7505121+06:00" finish="2014-09-22T00:33:54.0925317+06:00" />
  <ResultSummary outcome="Completed">
    <Counters total="4" executed="4" passed="4" error="0" failed="0" timeout="0" aborted="0" inconclusive="0" passedButRunAborted="0" notRunnable="0" notExecuted="0" disconnected="0" warning="0" completed="0" inProgress="0" pending="0" />
  </ResultSummary>
  <TestDefinitions>
    <UnitTest name="TestMethod_C2" storage="c:\users\sys\desktop\учёбка\5\github\unit_test\bin\debug\unit_test.dll" id="7c9ab7e9-482d-a066-3a5b-6caeee08ce5e">
      <Execution id="ac62984a-4fe2-4d57-ba38-b2bfb6b6a462" />
      <TestMethod codeBase="C:/Users/Sys/Desktop/Учёбка/5/github/Unit_Test/bin/Debug/Unit_Test.DLL" adapterTypeName="Microsoft.VisualStudio.TestTools.TestTypes.Unit.UnitTestAdapter, Microsoft.VisualStudio.QualityTools.Tips.UnitTest.Adapter, Version=10.0.0.0, Culture=neutral, PublicKeyToken=b03f5f7f11d50a3a" className="Unit_Test.Unit_Test, Unit_Test, Version=1.0.0.0, Culture=neutral, PublicKeyToken=null" name="TestMethod_C2" />
    </UnitTest>
    <UnitTest name="TestMethod_Bet2" storage="c:\users\sys\desktop\учёбка\5\github\unit_test\bin\debug\unit_test.dll" id="a34b33d0-38bb-55ee-1a20-6bd391ef3c10">
      <Execution id="7560773a-bd65-4664-b636-977757727e16" />
      <TestMethod codeBase="C:/Users/Sys/Desktop/Учёбка/5/github/Unit_Test/bin/Debug/Unit_Test.DLL" adapterTypeName="Microsoft.VisualStudio.TestTools.TestTypes.Unit.UnitTestAdapter, Microsoft.VisualStudio.QualityTools.Tips.UnitTest.Adapter, Version=10.0.0.0, Culture=neutral, PublicKeyToken=b03f5f7f11d50a3a" className="Unit_Test.Unit_Test, Unit_Test, Version=1.0.0.0, Culture=neutral, PublicKeyToken=null" name="TestMethod_Bet2" />
    </UnitTest>
    <UnitTest name="TestMethod_C1" storage="c:\users\sys\desktop\учёбка\5\github\unit_test\bin\debug\unit_test.dll" id="94a25bd0-0be0-0608-99c1-74dc0719ddef">
      <Execution id="b2f0872a-5dd2-4d75-a0d9-aab0451cda45" />
      <TestMethod codeBase="C:/Users/Sys/Desktop/Учёбка/5/github/Unit_Test/bin/Debug/Unit_Test.DLL" adapterTypeName="Microsoft.VisualStudio.TestTools.TestTypes.Unit.UnitTestAdapter, Microsoft.VisualStudio.QualityTools.Tips.UnitTest.Adapter, Version=10.0.0.0, Culture=neutral, PublicKeyToken=b03f5f7f11d50a3a" className="Unit_Test.Unit_Test, Unit_Test, Version=1.0.0.0, Culture=neutral, PublicKeyToken=null" name="TestMethod_C1" />
    </UnitTest>
    <UnitTest name="TestMethod_Bet1" storage="c:\users\sys\desktop\учёбка\5\github\unit_test\bin\debug\unit_test.dll" id="3dea0c79-598c-5dae-22de-a8036e0ce632">
      <Execution id="271a0442-ac5c-43c4-9f14-c888cff6ecef" />
      <TestMethod codeBase="C:/Users/Sys/Desktop/Учёбка/5/github/Unit_Test/bin/Debug/Unit_Test.DLL" adapterTypeName="Microsoft.VisualStudio.TestTools.TestTypes.Unit.UnitTestAdapter, Microsoft.VisualStudio.QualityTools.Tips.UnitTest.Adapter, Version=10.0.0.0, Culture=neutral, PublicKeyToken=b03f5f7f11d50a3a" className="Unit_Test.Unit_Test, Unit_Test, Version=1.0.0.0, Culture=neutral, PublicKeyToken=null" name="TestMethod_Bet1" />
    </UnitTest>
  </TestDefinitions>
  <TestLists>
    <TestList name="Отсутствующие в списке результаты" id="8c84fa94-04c1-424b-9868-57a2d4851a1d" />
    <TestList name="Все загруженные результаты" id="19431567-8539-422a-85d7-44ee4e166bda" />
  </TestLists>
  <TestEntries>
    <TestEntry testId="3dea0c79-598c-5dae-22de-a8036e0ce632" executionId="271a0442-ac5c-43c4-9f14-c888cff6ecef" testListId="8c84fa94-04c1-424b-9868-57a2d4851a1d" />
    <TestEntry testId="7c9ab7e9-482d-a066-3a5b-6caeee08ce5e" executionId="ac62984a-4fe2-4d57-ba38-b2bfb6b6a462" testListId="8c84fa94-04c1-424b-9868-57a2d4851a1d" />
    <TestEntry testId="94a25bd0-0be0-0608-99c1-74dc0719ddef" executionId="b2f0872a-5dd2-4d75-a0d9-aab0451cda45" testListId="8c84fa94-04c1-424b-9868-57a2d4851a1d" />
    <TestEntry testId="a34b33d0-38bb-55ee-1a20-6bd391ef3c10" executionId="7560773a-bd65-4664-b636-977757727e16" testListId="8c84fa94-04c1-424b-9868-57a2d4851a1d" />
  </TestEntries>
  <Results>
    <UnitTestResult executionId="271a0442-ac5c-43c4-9f14-c888cff6ecef" testId="3dea0c79-598c-5dae-22de-a8036e0ce632" testName="TestMethod_Bet1" computerName="BZZ" duration="00:00:00.0277275" startTime="2014-09-22T00:33:53.7555124+06:00" endTime="2014-09-22T00:33:54.0435289+06:00" testType="13cdc9d9-ddb5-4fa4-a97d-d965ccfc6d4b" outcome="Passed" testListId="8c84fa94-04c1-424b-9868-57a2d4851a1d" relativeResultsDirectory="271a0442-ac5c-43c4-9f14-c888cff6ecef">
    </UnitTestResult>
    <UnitTestResult executionId="ac62984a-4fe2-4d57-ba38-b2bfb6b6a462" testId="7c9ab7e9-482d-a066-3a5b-6caeee08ce5e" testName="TestMethod_C2" computerName="BZZ" duration="00:00:00.0005874" startTime="2014-09-22T00:33:54.0465290+06:00" endTime="2014-09-22T00:33:54.0535294+06:00" testType="13cdc9d9-ddb5-4fa4-a97d-d965ccfc6d4b" outcome="Passed" testListId="8c84fa94-04c1-424b-9868-57a2d4851a1d" relativeResultsDirectory="ac62984a-4fe2-4d57-ba38-b2bfb6b6a462">
    </UnitTestResult>
    <UnitTestResult executionId="b2f0872a-5dd2-4d75-a0d9-aab0451cda45" testId="94a25bd0-0be0-0608-99c1-74dc0719ddef" testName="TestMethod_C1" computerName="BZZ" duration="00:00:00.0003434" startTime="2014-09-22T00:33:54.0575297+06:00" endTime="2014-09-22T00:33:54.0635300+06:00" testType="13cdc9d9-ddb5-4fa4-a97d-d965ccfc6d4b" outcome="Passed" testListId="8c84fa94-04c1-424b-9868-57a2d4851a1d" relativeResultsDirectory="b2f0872a-5dd2-4d75-a0d9-aab0451cda45">
    </UnitTestResult>
    <UnitTestResult executionId="7560773a-bd65-4664-b636-977757727e16" testId="a34b33d0-38bb-55ee-1a20-6bd391ef3c10" testName="TestMethod_Bet2" computerName="BZZ" duration="00:00:00.0003795" startTime="2014-09-22T00:33:54.0665302+06:00" endTime="2014-09-22T00:33:54.0735306+06:00" testType="13cdc9d9-ddb5-4fa4-a97d-d965ccfc6d4b" outcome="Passed" testListId="8c84fa94-04c1-424b-9868-57a2d4851a1d" relativeResultsDirectory="7560773a-bd65-4664-b636-977757727e16">
    </UnitTestResult>
  </Results>
</TestRun>