<?xml version="1.0" encoding="UTF-8"?>
<TestRun id="aa625bdb-37fc-410d-9f45-0f140af9586e" name="Sys@BZZ 2014-09-22 00:56:32" runUser="BZZ\Sys" xmlns="http://microsoft.com/schemas/VisualStudio/TeamTest/2010">
  <TestSettings name="Локальные" id="c15db5bd-b38c-4917-8fc9-53e64146086b">
    <Description>Это - параметры по умолчанию для локального тестового запуска.</Description>
    <Deployment enabled="false" runDeploymentRoot="Sys_BZZ 2014-09-22 00_56_32">
      <DeploymentItem filename="C:\Users\Sys\Desktop\Учёбка\5\github\Triangle\bin\Debug\Triangle.exe" />
    </Deployment>
    <Execution>
      <TestTypeSpecific />
      <AgentRule name="Execution Agents">
      </AgentRule>
    </Execution>
  </TestSettings>
  <Times creation="2014-09-22T00:56:32.9212522+06:00" queuing="2014-09-22T00:56:35.6404077+06:00" start="2014-09-22T00:56:35.8554200+06:00" finish="2014-09-22T00:56:57.3626502+06:00" />
  <ResultSummary outcome="Error">
    <Counters total="1" executed="1" error="0" failed="0" timeout="0" aborted="1" inconclusive="0" passedButRunAborted="0" notRunnable="0" notExecuted="0" disconnected="0" warning="0" passed="0" completed="0" inProgress="0" pending="0" />
    <RunInfos>
      <RunInfo computerName="BZZ" outcome="Error" timestamp="2014-09-22T00:56:57.3616501+06:00">
        <Text>Неожиданный выход из тестового хост-процесса.</Text>
      </RunInfo>
    </RunInfos>
  </ResultSummary>
  <TestDefinitions>
    <UnitTest name="TestMethod_Bet1" storage="c:\users\sys\desktop\учёбка\5\github\unit_test\bin\debug\unit_test.dll" id="3dea0c79-598c-5dae-22de-a8036e0ce632">
      <Execution id="b360b03b-f7ec-4ca4-acd1-bbb7f0a013a0" />
      <TestMethod codeBase="C:/Users/Sys/Desktop/Учёбка/5/github/Unit_Test/bin/Debug/Unit_Test.DLL" adapterTypeName="Microsoft.VisualStudio.TestTools.TestTypes.Unit.UnitTestAdapter, Microsoft.VisualStudio.QualityTools.Tips.UnitTest.Adapter, Version=10.0.0.0, Culture=neutral, PublicKeyToken=b03f5f7f11d50a3a" className="Unit_Test.Unit_Test, Unit_Test, Version=1.0.0.0, Culture=neutral, PublicKeyToken=null" name="TestMethod_Bet1" />
    </UnitTest>
  </TestDefinitions>
  <TestLists>
    <TestList name="Отсутствующие в списке результаты" id="8c84fa94-04c1-424b-9868-57a2d4851a1d" />
    <TestList name="Все загруженные результаты" id="19431567-8539-422a-85d7-44ee4e166bda" />
  </TestLists>
  <TestEntries>
    <TestEntry testId="3dea0c79-598c-5dae-22de-a8036e0ce632" executionId="b360b03b-f7ec-4ca4-acd1-bbb7f0a013a0" testListId="8c84fa94-04c1-424b-9868-57a2d4851a1d" />
  </TestEntries>
  <Results>
    <UnitTestResult executionId="b360b03b-f7ec-4ca4-acd1-bbb7f0a013a0" testId="3dea0c79-598c-5dae-22de-a8036e0ce632" testName="TestMethod_Bet1" computerName="BZZ" duration="00:00:21.3032185" startTime="2014-09-22T00:56:36.0594317+06:00" endTime="2014-09-22T00:56:57.3626502+06:00" testType="13cdc9d9-ddb5-4fa4-a97d-d965ccfc6d4b" outcome="Aborted" testListId="8c84fa94-04c1-424b-9868-57a2d4851a1d" relativeResultsDirectory="b360b03b-f7ec-4ca4-acd1-bbb7f0a013a0">
    </UnitTestResult>
  </Results>
</TestRun>