<?xml version="1.0" encoding="UTF-8"?>
<TestRun id="c0cdd53d-6a31-43e1-b1dc-8a537622e218" name="Sys@BZZ 2014-09-22 00:35:01" runUser="BZZ\Sys" xmlns="http://microsoft.com/schemas/VisualStudio/TeamTest/2010">
  <TestSettings name="Локальные" id="c15db5bd-b38c-4917-8fc9-53e64146086b">
    <Description>Это - параметры по умолчанию для локального тестового запуска.</Description>
    <Deployment userDeploymentRoot="C:\Users\Sys\Desktop\Учёбка\5\github\Triangle\TestResults" useDefaultDeploymentRoot="false" enabled="false" runDeploymentRoot="Sys_BZZ 2014-09-22 00_35_01">
      <DeploymentItem filename="C:\Users\Sys\Desktop\Учёбка\5\github\Triangle\bin\Debug\Triangle.exe" />
    </Deployment>
    <Execution>
      <TestTypeSpecific />
      <AgentRule name="Execution Agents">
      </AgentRule>
    </Execution>
  </TestSettings>
  <Times creation="2014-09-22T00:35:01.8794088+06:00" queuing="2014-09-22T00:35:05.8966386+06:00" start="2014-09-22T00:35:06.0916498+06:00" finish="2014-09-22T00:35:31.2460885+06:00" />
  <ResultSummary outcome="Error">
    <Counters total="1" executed="1" error="0" failed="0" timeout="0" aborted="1" inconclusive="0" passedButRunAborted="0" notRunnable="0" notExecuted="0" disconnected="0" warning="0" passed="0" completed="0" inProgress="0" pending="0" />
    <RunInfos>
      <RunInfo computerName="BZZ" outcome="Error" timestamp="2014-09-22T00:35:31.2440884+06:00">
        <Text>Неожиданный выход из тестового хост-процесса.</Text>
      </RunInfo>
    </RunInfos>
  </ResultSummary>
  <TestDefinitions>
    <UnitTest name="TestMethod_Bet2" storage="c:\users\sys\desktop\учёбка\5\github\unit_test\bin\debug\unit_test.dll" id="a34b33d0-38bb-55ee-1a20-6bd391ef3c10">
      <Execution id="a3aefe18-5474-4d15-a5fd-68182e8297bf" />
      <TestMethod codeBase="C:/Users/Sys/Desktop/Учёбка/5/github/Unit_Test/bin/Debug/Unit_Test.DLL" adapterTypeName="Microsoft.VisualStudio.TestTools.TestTypes.Unit.UnitTestAdapter, Microsoft.VisualStudio.QualityTools.Tips.UnitTest.Adapter, Version=10.0.0.0, Culture=neutral, PublicKeyToken=b03f5f7f11d50a3a" className="Unit_Test.Unit_Test, Unit_Test, Version=1.0.0.0, Culture=neutral, PublicKeyToken=null" name="TestMethod_Bet2" />
    </UnitTest>
  </TestDefinitions>
  <TestLists>
    <TestList name="Отсутствующие в списке результаты" id="8c84fa94-04c1-424b-9868-57a2d4851a1d" />
    <TestList name="Все загруженные результаты" id="19431567-8539-422a-85d7-44ee4e166bda" />
  </TestLists>
  <TestEntries>
    <TestEntry testId="a34b33d0-38bb-55ee-1a20-6bd391ef3c10" executionId="a3aefe18-5474-4d15-a5fd-68182e8297bf" testListId="8c84fa94-04c1-424b-9868-57a2d4851a1d" />
  </TestEntries>
  <Results>
    <UnitTestResult executionId="a3aefe18-5474-4d15-a5fd-68182e8297bf" testId="a34b33d0-38bb-55ee-1a20-6bd391ef3c10" testName="TestMethod_Bet2" computerName="BZZ" duration="00:00:24.9674281" startTime="2014-09-22T00:35:06.2776604+06:00" endTime="2014-09-22T00:35:31.2450885+06:00" testType="13cdc9d9-ddb5-4fa4-a97d-d965ccfc6d4b" outcome="Aborted" testListId="8c84fa94-04c1-424b-9868-57a2d4851a1d" relativeResultsDirectory="a3aefe18-5474-4d15-a5fd-68182e8297bf">
    </UnitTestResult>
  </Results>
</TestRun>