<?xml version="1.0" encoding="UTF-8"?>
<TestRun id="9ef055bd-a435-4bda-ab17-3d9477a881f0" name="Sys@BZZ 2014-09-22 00:30:11" runUser="BZZ\Sys" xmlns="http://microsoft.com/schemas/VisualStudio/TeamTest/2010">
  <TestSettings name="Локальные" id="c15db5bd-b38c-4917-8fc9-53e64146086b">
    <Description>Это - параметры по умолчанию для локального тестового запуска.</Description>
    <Deployment enabled="false" runDeploymentRoot="Sys_BZZ 2014-09-22 00_30_11">
      <DeploymentItem filename="C:\Users\Sys\Desktop\Учёбка\5\github\Triangle\bin\Debug\Triangle.exe" />
    </Deployment>
    <Execution>
      <TestTypeSpecific />
      <AgentRule name="Execution Agents">
      </AgentRule>
    </Execution>
  </TestSettings>
  <Times creation="2014-09-22T00:30:11.1897823+06:00" queuing="2014-09-22T00:30:11.2077834+06:00" start="2014-09-22T00:30:11.2987886+06:00" finish="2014-09-22T00:30:11.7648152+06:00" />
  <ResultSummary outcome="Failed">
    <Counters total="2" executed="2" passed="1" error="0" failed="1" timeout="0" aborted="0" inconclusive="0" passedButRunAborted="0" notRunnable="0" notExecuted="0" disconnected="0" warning="0" completed="0" inProgress="0" pending="0" />
  </ResultSummary>
  <TestDefinitions>
    <UnitTest name="TestMethod_C2" storage="c:\users\sys\desktop\учёбка\5\github\unit_test\bin\debug\unit_test.dll" id="7c9ab7e9-482d-a066-3a5b-6caeee08ce5e">
      <Execution id="91744187-124b-48a7-b8e8-dabda37dbae3" />
      <TestMethod codeBase="C:/Users/Sys/Desktop/Учёбка/5/github/Unit_Test/bin/Debug/Unit_Test.DLL" adapterTypeName="Microsoft.VisualStudio.TestTools.TestTypes.Unit.UnitTestAdapter, Microsoft.VisualStudio.QualityTools.Tips.UnitTest.Adapter, Version=10.0.0.0, Culture=neutral, PublicKeyToken=b03f5f7f11d50a3a" className="Unit_Test.Unit_Test, Unit_Test, Version=1.0.0.0, Culture=neutral, PublicKeyToken=null" name="TestMethod_C2" />
    </UnitTest>
    <UnitTest name="TestMethod_C1" storage="c:\users\sys\desktop\учёбка\5\github\unit_test\bin\debug\unit_test.dll" id="94a25bd0-0be0-0608-99c1-74dc0719ddef">
      <Execution id="d13a79cd-deda-4fa7-9751-9d291fbbd62f" />
      <TestMethod codeBase="C:/Users/Sys/Desktop/Учёбка/5/github/Unit_Test/bin/Debug/Unit_Test.DLL" adapterTypeName="Microsoft.VisualStudio.TestTools.TestTypes.Unit.UnitTestAdapter, Microsoft.VisualStudio.QualityTools.Tips.UnitTest.Adapter, Version=10.0.0.0, Culture=neutral, PublicKeyToken=b03f5f7f11d50a3a" className="Unit_Test.Unit_Test, Unit_Test, Version=1.0.0.0, Culture=neutral, PublicKeyToken=null" name="TestMethod_C1" />
    </UnitTest>
  </TestDefinitions>
  <TestLists>
    <TestList name="Отсутствующие в списке результаты" id="8c84fa94-04c1-424b-9868-57a2d4851a1d" />
    <TestList name="Все загруженные результаты" id="19431567-8539-422a-85d7-44ee4e166bda" />
  </TestLists>
  <TestEntries>
    <TestEntry testId="7c9ab7e9-482d-a066-3a5b-6caeee08ce5e" executionId="91744187-124b-48a7-b8e8-dabda37dbae3" testListId="8c84fa94-04c1-424b-9868-57a2d4851a1d" />
    <TestEntry testId="94a25bd0-0be0-0608-99c1-74dc0719ddef" executionId="d13a79cd-deda-4fa7-9751-9d291fbbd62f" testListId="8c84fa94-04c1-424b-9868-57a2d4851a1d" />
  </TestEntries>
  <Results>
    <UnitTestResult executionId="91744187-124b-48a7-b8e8-dabda37dbae3" testId="7c9ab7e9-482d-a066-3a5b-6caeee08ce5e" testName="TestMethod_C2" computerName="BZZ" duration="00:00:00.1542926" startTime="2014-09-22T00:30:11.3057890+06:00" endTime="2014-09-22T00:30:11.7278131+06:00" testType="13cdc9d9-ddb5-4fa4-a97d-d965ccfc6d4b" outcome="Failed" testListId="8c84fa94-04c1-424b-9868-57a2d4851a1d" relativeResultsDirectory="91744187-124b-48a7-b8e8-dabda37dbae3">
      <Output>
        <ErrorInfo>
          <Message>Ошибка в Assert.AreEqual. Между ожидаемым значением &lt;6,4&gt; и фактическим значением &lt;6,4112589808795&gt; требуется разница не более чем &lt;0,001&gt;. </Message>
          <StackTrace>   в Unit_Test.Unit_Test.TestMethod_C2() в C:\Users\Sys\Desktop\Учёбка\5\github\Unit_Test\Unit_Test.cs:строка 36
</StackTrace>
        </ErrorInfo>
      </Output>
    </UnitTestResult>
    <UnitTestResult executionId="d13a79cd-deda-4fa7-9751-9d291fbbd62f" testId="94a25bd0-0be0-0608-99c1-74dc0719ddef" testName="TestMethod_C1" computerName="BZZ" duration="00:00:00.0004785" startTime="2014-09-22T00:30:11.7308133+06:00" endTime="2014-09-22T00:30:11.7408139+06:00" testType="13cdc9d9-ddb5-4fa4-a97d-d965ccfc6d4b" outcome="Passed" testListId="8c84fa94-04c1-424b-9868-57a2d4851a1d" relativeResultsDirectory="d13a79cd-deda-4fa7-9751-9d291fbbd62f">
    </UnitTestResult>
  </Results>
</TestRun>