<?xml version="1.0" encoding="UTF-8"?>
<TestRun id="68de68d5-a590-448c-86d6-f7039be11379" name="Sys@BZZ 2014-09-22 00:29:52" runUser="BZZ\Sys" xmlns="http://microsoft.com/schemas/VisualStudio/TeamTest/2010">
  <TestSettings name="Локальные" id="c15db5bd-b38c-4917-8fc9-53e64146086b">
    <Description>Это - параметры по умолчанию для локального тестового запуска.</Description>
    <Deployment enabled="false" runDeploymentRoot="Sys_BZZ 2014-09-22 00_29_52">
      <DeploymentItem filename="C:\Users\Sys\Desktop\Учёбка\5\github\Triangle\bin\Debug\Triangle.exe" />
    </Deployment>
    <Execution>
      <TestTypeSpecific />
      <AgentRule name="Execution Agents">
      </AgentRule>
    </Execution>
  </TestSettings>
  <Times creation="2014-09-22T00:29:52.2536993+06:00" queuing="2014-09-22T00:29:55.0668602+06:00" start="2014-09-22T00:29:55.3718776+06:00" finish="2014-09-22T00:29:56.0209147+06:00" />
  <ResultSummary outcome="Completed">
    <Counters total="1" executed="1" passed="1" error="0" failed="0" timeout="0" aborted="0" inconclusive="0" passedButRunAborted="0" notRunnable="0" notExecuted="0" disconnected="0" warning="0" completed="0" inProgress="0" pending="0" />
  </ResultSummary>
  <TestDefinitions>
    <UnitTest name="TestMethod_C1" storage="c:\users\sys\desktop\учёбка\5\github\unit_test\bin\debug\unit_test.dll" id="94a25bd0-0be0-0608-99c1-74dc0719ddef">
      <Execution id="972e7257-e941-4d51-8678-84b01e5d9025" />
      <TestMethod codeBase="C:/Users/Sys/Desktop/Учёбка/5/github/Unit_Test/bin/Debug/Unit_Test.DLL" adapterTypeName="Microsoft.VisualStudio.TestTools.TestTypes.Unit.UnitTestAdapter, Microsoft.VisualStudio.QualityTools.Tips.UnitTest.Adapter, Version=10.0.0.0, Culture=neutral, PublicKeyToken=b03f5f7f11d50a3a" className="Unit_Test.Unit_Test, Unit_Test, Version=1.0.0.0, Culture=neutral, PublicKeyToken=null" name="TestMethod_C1" />
    </UnitTest>
  </TestDefinitions>
  <TestLists>
    <TestList name="Отсутствующие в списке результаты" id="8c84fa94-04c1-424b-9868-57a2d4851a1d" />
    <TestList name="Все загруженные результаты" id="19431567-8539-422a-85d7-44ee4e166bda" />
  </TestLists>
  <TestEntries>
    <TestEntry testId="94a25bd0-0be0-0608-99c1-74dc0719ddef" executionId="972e7257-e941-4d51-8678-84b01e5d9025" testListId="8c84fa94-04c1-424b-9868-57a2d4851a1d" />
  </TestEntries>
  <Results>
    <UnitTestResult executionId="972e7257-e941-4d51-8678-84b01e5d9025" testId="94a25bd0-0be0-0608-99c1-74dc0719ddef" testName="TestMethod_C1" computerName="BZZ" duration="00:00:00.0262235" startTime="2014-09-22T00:29:55.4588826+06:00" endTime="2014-09-22T00:29:55.8719062+06:00" testType="13cdc9d9-ddb5-4fa4-a97d-d965ccfc6d4b" outcome="Passed" testListId="8c84fa94-04c1-424b-9868-57a2d4851a1d" relativeResultsDirectory="972e7257-e941-4d51-8678-84b01e5d9025">
    </UnitTestResult>
  </Results>
</TestRun>